Welcome to MAGMA v1.10 (linux/s)
Using flags:
	--bfile /dcs04/lieber/lcolladotor/with10x_LIBD001/HumanPilot/Analysis/Layer_Guesses/MAGMA/g1000_eur
	--pval ../../processed-data/07_MAGMA/Input_GWAS_data/SCZ/SCZ_PGC3_wave3.european.autosome.public.v3.pval ncol=N
	--gene-annot ../../processed-data/07_MAGMA/Output/SCZ/SCZ_PGC3_wave3.european.autosome.public.v3.genes.annot
	--out ../../processed-data/07_MAGMA/Output/SCZ/SCZ_PGC3_wave3.european.autosome.public.v3

Start time is 22:56:03, Tuesday 30 Jul 2024

Loading PLINK-format data...
Reading file /dcs04/lieber/lcolladotor/with10x_LIBD001/HumanPilot/Analysis/Layer_Guesses/MAGMA/g1000_eur.fam... 503 individuals read
Reading file /dcs04/lieber/lcolladotor/with10x_LIBD001/HumanPilot/Analysis/Layer_Guesses/MAGMA/g1000_eur.bim... 22665064 SNPs read
Preparing file /dcs04/lieber/lcolladotor/with10x_LIBD001/HumanPilot/Analysis/Layer_Guesses/MAGMA/g1000_eur.bed... 

Reading SNP synonyms from file /dcs04/lieber/lcolladotor/with10x_LIBD001/HumanPilot/Analysis/Layer_Guesses/MAGMA/g1000_eur.synonyms (auto-detected)
	read 6016767 mapped synonyms from file, mapping to 3921040 SNPs in the data
	WARNING: detected 133 synonymous SNP pairs in the data
	         skipped all synonym entries involved, synonymous SNPs are kept in analysis
	         writing list of detected synonyms in data to supplementary log file
Reading SNP p-values from file ../../processed-data/07_MAGMA/Input_GWAS_data/SCZ/SCZ_PGC3_wave3.european.autosome.public.v3.pval... 
	detected 3 variables in file
	using variable: SNP (SNP id)
	using variable: P (p-value)
	using variable: N (sample size; discarding SNPs with N < 50)
	read 7659768 lines from file, containing valid SNP p-values for 7549430 SNPs in data (98.56% of lines, 33.31% of SNPs in data)
Loading gene annotation from file ../../processed-data/07_MAGMA/Output/SCZ/SCZ_PGC3_wave3.european.autosome.public.v3.genes.annot... 
	28189 gene definitions read from file
	found 28129 genes containing valid SNPs in genotype data


Starting gene analysis... 
	using model: SNPwise-mean
	writing gene analysis results to file ../../processed-data/07_MAGMA/Output/SCZ/SCZ_PGC3_wave3.european.autosome.public.v3.genes.out
	writing intermediate output to file ../../processed-data/07_MAGMA/Output/SCZ/SCZ_PGC3_wave3.european.autosome.public.v3.genes.raw


End time is 23:20:47, Tuesday 30 Jul 2024 (elapsed: 00:24:44)
