GENE             CHR      START       STOP  NSNPS  NPARAM        N        ZSTAT            P
ENSG00000169885    1    1914827    1917296      1       1  1154267       4.4478    4.337e-06
ENSG00000196581    1    4654732    4792534      1       1  1154267       3.9359    4.145e-05
ENSG00000204362    1   17189783   17197617      3       1  1154267        3.892   4.9703e-05
ENSG00000282843    1   17193232   17201733      1       1  1154267       3.7614    8.449e-05
ENSG00000076864    1   21596215   21669363      5       1  1154267        4.355   6.6538e-06
ENSG00000142920    1   33081104   33120530      2       1  1154267       4.1563    1.617e-05
ENSG00000116525    1   33145402   33182059      1       1  1154267       3.7799    7.845e-05
ENSG00000229528    1   40863914   40876670      9       1  1154267       3.8328   6.3334e-05
ENSG00000211452    1   53891239   53911086      1       1  1154267       4.3096    8.176e-06
ENSG00000116212    1   53946077   53968168      1       1  1154267       4.3759    6.046e-06
ENSG00000079739    1   63593276   63660245      1       1  1154267       3.7222    9.876e-05
ENSG00000225087    1   72748921   72899140     62       2  1154267        4.223   1.2056e-05
ENSG00000233973    1   73306170   73355253     61       2  1154267       4.6176   1.9412e-06
ENSG00000225598    1   80373364   80374621      2       1  1154267       3.8679    5.488e-05
ENSG00000188641    1   97077743   97995000      8       1  1154267       4.3148   7.9886e-06
ENSG00000225206    1   97933474   98049863      4       1  1154267       4.1436   1.7094e-05
ENSG00000226053    1   98210747   98272658      1       1  1154267       3.8462    5.999e-05
ENSG00000171385    1  111770662  111989155      3       1  1154267       4.2155   1.2461e-05
ENSG00000134245    1  112466541  112530165      3       1  1154267       4.2564   1.0386e-05
ENSG00000007341    1  112523518  112620825      1       1  1154267       4.0776    2.275e-05
ENSG00000116489    1  112619173  112671619      8       1  1154267       3.8647   5.5614e-05
ENSG00000155363    1  112673141  112700746      1       1  1154267       4.1575    1.609e-05
ENSG00000143552    1  153992685  154155116      6       1  1154267       3.8672   5.5041e-05
ENSG00000143549    1  154155304  154194648     16       1  1154267       4.1747   1.4922e-05
ENSG00000143569    1  154220179  154271510     15       1  1154267       4.2298   1.1695e-05
ENSG00000122223    1  160830160  160862855      1       1  1154267       4.2939    8.777e-06
ENSG00000143195    1  166895711  166975482      1       1  1154267       3.9399    4.075e-05
ENSG00000010165    1  171781664  171814023     34       1  1154267       4.0775   2.2757e-05
ENSG00000117593    1  173824503  173858546      4       1  1154267       3.7575   8.5817e-05
ENSG00000185278    1  173868082  173903549     23       2  1154267       4.2928   8.8227e-06
ENSG00000117601    1  173903804  173917378      2       1  1154267       3.6629   0.00012467
ENSG00000227373    1  174115300  174160004     11       1  1154267       4.4081   5.2152e-06
ENSG00000152061    1  174159410  174995308    104       2  1154267       4.3121   8.0847e-06
ENSG00000198216    1  181317690  181808084      1       1  1154267        4.012     3.01e-05
ENSG00000134376    1  197268204  197478455     18       1  1154267       4.1939   1.3712e-05
ENSG00000230260    1  197437976  197447469      2       1  1154267       4.2316     1.16e-05
ENSG00000213047    1  197504748  197775696     13       1  1154267       4.2472   1.0825e-05
ENSG00000224901    1  197757319  197761965      1       1  1154267       4.2159    1.244e-05
ENSG00000081237    1  198638457  198757476      1       1  1154267       3.7636    8.373e-05
ENSG00000233410    1  199006040  199021037      1       1  1154267       3.7495     8.86e-05
ENSG00000235492    1  199016133  199076735      1       1  1154267       3.8729    5.378e-05
ENSG00000231718    1  199148598  199393307      2       1  1154267       3.7818   7.7864e-05
ENSG00000235749    1  247639749  247747062      2       1  1154267       3.7328     9.47e-05
ENSG00000205795    2   10056780   10080944      4       1  1154267       3.8312   6.3759e-05
ENSG00000138075    2   43812472   43838865      1       1  1154267       3.7245    9.785e-05
ENSG00000143921    2   43831942   43882987      1       1  1154267       4.0492     2.57e-05
ENSG00000179915    2   49918505   51225575    152      10  1154267       5.7428   4.6562e-09
ENSG00000231918    2   51032601   52407917     18       1  1154267       4.8469   6.2688e-07
ENSG00000143951    2   63121383   63827843      8       1  1154267       3.8694   5.4552e-05
ENSG00000066032    2   79185231   80648861      6       1  1154267       4.3255     7.61e-06
ENSG00000232597    2  103856659  103880209      2       1  1154267       4.6117   1.9966e-06
ENSG00000256637    2  103874310  104077778      2       1  1154267       3.6144   0.00015054
ENSG00000237880    2  107385632  107542649    218       1  1154267       4.1714   1.5135e-05
ENSG00000224568    2  107529487  107556326     18       1  1154267       4.1855   1.4225e-05
ENSG00000232991    2  107754112  107822129      2       1  1154267       3.6905    0.0001119
ENSG00000115665    2  107986523  108013994      1       1  1154267       4.0536    2.522e-05
ENSG00000236859    2  121649650  121728481      2       1  1154267       3.7839   7.7204e-05
ENSG00000155052    2  124025287  124915287     44       2  1154267       4.1708   1.5178e-05
ENSG00000152127    2  134119983  134454621      2       1  1154267       3.7388    9.244e-05
ENSG00000168702    2  140231423  142131701      1       1  1154267       3.8786    5.253e-05
ENSG00000075884    2  143091362  143768352      3       2  1154267       4.6799   1.4351e-06
ENSG00000228655    2  143295421  143480789      2       1  1154267       3.9877   3.3358e-05
ENSG00000257640    2  143295586  143572105      2       1  1154267       3.9877   3.3358e-05
ENSG00000226674    2  144667967  145262988      1       1  1154267       3.7206    9.936e-05
ENSG00000121989    2  147844517  147930826      1       1  1154267       5.4868    2.046e-08
ENSG00000115947    2  147930397  148021604      1       1  1154267       5.0374     2.36e-07
ENSG00000204406    2  148021011  148516971      3       1  1154267       4.6103   2.0102e-06
ENSG00000153234    2  156324432  156342348      1       1  1154267       3.7751    7.998e-05
ENSG00000123636    2  159318979  159616692     24       1  1154267       4.0526   2.5327e-05
ENSG00000228222    2  167293171  167558333      1       1  1154267       3.7312    9.528e-05
ENSG00000235335    2  167814774  167941144      5       1  1154267       3.9251   4.3347e-05
ENSG00000198648    2  167954020  168248141     11       1  1154267       3.9834   3.3962e-05
ENSG00000231453    2  174326027  174330643      1       1  1154267       4.9562    3.595e-07
ENSG00000217236    2  174334946  174338492      4       2  1154267       5.1015    1.685e-07
ENSG00000138433    2  174348022  174395715     44       3  1154267       5.9396   1.4288e-09
ENSG00000144306    2  174395730  174429575     65       2  1154267       4.4107   5.1518e-06
ENSG00000163328    2  174431571  174487094     31       1  1154267       4.3051    8.346e-06
ENSG00000235056    2  195003711  195026370      6       1  1154267       4.0438   2.6299e-05
ENSG00000144451    2  213284379  214410501     13       1  1154267       4.3433    7.019e-06
ENSG00000153820    2  227979950  228181645      7       1  1154267       4.0191   2.9211e-05
ENSG00000204120    2  232697299  232860575     59       1  1154267       3.9953   3.2304e-05
ENSG00000115474    2  232766464  232776568      6       1  1154267       3.9211   4.4073e-05
ENSG00000163359    2  237324003  237414375      1       1  1154267       3.9059    4.694e-05
ENSG00000144455    3    3700814    4467281      7       2  1154267       4.5198   3.0955e-06
ENSG00000154822    3   16802651   17090594     39       2  1154267       5.4415    2.641e-08
ENSG00000282987    3   21006730   21226305     16       2  1154267        4.297    8.655e-06
ENSG00000077092    3   25174332   25597932     61       2  1154267       4.2831   9.2155e-06
ENSG00000179796    3   26622806   26710776      4       1  1154267        4.141    1.729e-05
ENSG00000173769    3   44241886   44332098     31       1  1154267       3.8082   6.9999e-05
ENSG00000196345    3   44555193   44594173      1       1  1154267       3.8397     6.16e-05
ENSG00000236869    3   44557357   44685653      4       1  1154267       3.9068   4.6767e-05
ENSG00000144792    3   44578223   44599694      1       1  1154267       3.8397     6.16e-05
ENSG00000186448    3   44584888   44648471      4       1  1154267       3.9068   4.6767e-05
ENSG00000164048    3   48241100   48299253      1       1  1154267       3.9466    3.963e-05
ENSG00000172113    3   48290722   48301685      1       1  1154267       3.9466    3.963e-05
ENSG00000177352    3   49162535   49166321      3       1  1154267       4.1635   1.5673e-05
ENSG00000185909    3   49171611   49176486      3       1  1154267       5.0544   2.1592e-07
ENSG00000236980    3   49177632   49191858      9       1  1154267       4.9166   4.4041e-07
ENSG00000173421    3   49198428   49258104     27       2  1154267       4.8171   7.2818e-07
ENSG00000225399    3   49260085   49261316      2       1  1154267       4.1285   1.8261e-05
ENSG00000188315    3   49268602   49277909      2       1  1154267       3.9914   3.2842e-05
ENSG00000114316    3   49277831   49340712     12       1  1154267       4.7178   1.1919e-06
ENSG00000067560    3   49359145   49412998     48       3  1154267       5.0362   2.3738e-07
ENSG00000145022    3   49412206   49416475      4       1  1154267       4.9669    3.402e-07
ENSG00000145020    3   49416775   49422753      4       1  1154267       3.7886   7.5748e-05
ENSG00000283189    3   49416777   49429314      8       2  1154267       5.2305   8.4534e-08
ENSG00000145029    3   49422946   49429326      3       1  1154267       4.9246   4.2277e-07
ENSG00000173402    3   49468703   49535618     42       3  1154267       5.0865   1.8234e-07
ENSG00000226913    3   49549306   49554366      1       1  1154267       3.8549    5.788e-05
ENSG00000164061    3   49554489   49671545     80       5  1154267       5.3669    4.006e-08
ENSG00000235120    3   49640483   49641769      3       1  1154267       4.4782   3.7635e-06
ENSG00000164062    3   49674002   49683963      4       1  1154267       4.5629   2.5225e-06
ENSG00000173531    3   49683947   49689501      3       1  1154267       4.6199   1.9194e-06
ENSG00000164068    3   49689499   49721529     23       2  1154267       5.2138   9.2512e-08
ENSG00000176020    3   49716834   49719695      1       1  1154267       4.3638    6.391e-06
ENSG00000173540    3   49716844   49723951      1       1  1154267       4.3638    6.391e-06
ENSG00000176095    3   49724294   49786542     53       3  1154267       5.1957   1.0198e-07
ENSG00000187492    3   49790732   49799835      5       2  1154267       5.2855   6.2688e-08
ENSG00000182179    3   49805207   49813946      4       1  1154267        4.981   3.1627e-07
ENSG00000183763    3   49828599   49856574     20       3  1154267       5.4042   3.2541e-08
ENSG00000164076    3   49857988   49870222      6       1  1154267        4.209   1.2823e-05
ENSG00000235455    3   51873596   51875767      1       1  1154267       3.7632    8.386e-05
ENSG00000114861    3   70952817   71583993      4       1  1154267       4.2206   1.2182e-05
ENSG00000241163    3   72035300   72279503      1       1  1154267       3.9613    3.727e-05
ENSG00000185008    3   75906695   77649964      7       1  1154267       3.9215   4.3992e-05
ENSG00000239440    3   81986138   82463675      2       1  1154267       3.9799   3.4477e-05
ENSG00000206538    3   86876388   86991119      1       1  1154267       3.9598    3.751e-05
ENSG00000080224    3   96814581   97752460      2       1  1154267       4.0294   2.7958e-05
ENSG00000240423    3  107883248  107928907      1       1  1154267       3.9908    3.293e-05
ENSG00000163606    3  112921209  112975122     48       1  1154267       3.9007   4.7959e-05
ENSG00000160145    3  124080023  124726325      1       1  1154267        3.796    7.353e-05
ENSG00000244215    3  127322307  127390670      1       1  1154267       3.7484    8.899e-05
ENSG00000118007    3  136336233  136752403     11       1  1154267        4.052   2.5394e-05
ENSG00000158092    3  136862208  136949823      2       1  1154267       3.9253   4.3313e-05
ENSG00000144962    3  172889358  173141268      9       1  1154267       3.9393   4.0868e-05
ENSG00000237473    3  173153737  173336965      1       1  1154267         3.93    4.247e-05
ENSG00000284917    3  184249695  184293031      1       1  1154267       4.8607    5.849e-07
ENSG00000175166    3  184298709  184309054      1       1  1154267       4.3878    5.726e-06
ENSG00000114867    3  184314495  184335358      3       1  1154267       4.5635   2.5154e-06
ENSG00000145012    3  188153284  188890671      1       1  1154267        3.725    9.767e-05
ENSG00000163960    3  196347662  196432474      1       1  1154267       3.8497    5.912e-05
ENSG00000185798    3  196554177  196568674      3       1  1154267       3.7662   8.2878e-05
ENSG00000004468    4   15778275   15853230      1       1  1154267       4.1712    1.515e-05
ENSG00000250064    4   28435449   28600275     19       1  1154267       3.9469    3.959e-05
ENSG00000248176    4   29118308   29202770      2       1  1154267        4.201   1.3285e-05
ENSG00000163288    4   46993723   47426444      3       1  1154267       4.3688   6.2462e-06
ENSG00000251339    4   58780626   58984152     34       3  1154267       4.5594   2.5647e-06
ENSG00000251266    4   58984282   59046959      6       1  1154267       4.9176   4.3797e-07
ENSG00000250375    4   59047020   59075256      1       1  1154267       3.9907    3.294e-05
ENSG00000249111    4   59152834   59176146      1       1  1154267       3.7926    7.453e-05
ENSG00000150471    4   61201258   62078335     34       2  1154267       4.0745   2.3059e-05
ENSG00000205682    4   61420246   61428221     11       1  1154267       3.9372   4.1215e-05
ENSG00000249307    4   78971748   79308798      2       1  1154267       3.8176   6.7367e-05
ENSG00000156269    4   79225694   79326050      2       1  1154267       3.8176   6.7367e-05
ENSG00000184305    4   90127535   91601913      5       1  1154267       4.2862    9.088e-06
ENSG00000250777    4  137690477  137734977      1       1  1154267       3.9397    4.079e-05
ENSG00000196782    4  139716753  140154184      2       1  1154267       3.7727   8.0755e-05
ENSG00000168843    4  161383897  162164035      4       1  1154267       4.6348   1.7867e-06
ENSG00000038295    4  165873258  166103895      1       1  1154267       3.8765    5.298e-05
ENSG00000250043    4  173877471  173913252      1       1  1154267       3.8047    7.098e-05
ENSG00000249638    5    7362979    7364531      2       1  1154267       3.6534   0.00012942
ENSG00000249865    5    7367929    7373074      5       2  1154267       5.4712   2.2347e-08
ENSG00000223597    5    7373117    7379790      3       1  1154267       4.1514   1.6521e-05
ENSG00000078295    5    7396208    7830081     10       1  1154267       4.3426   7.0414e-06
ENSG00000145526    5   19472951   20575873      4       1  1154267       3.8175   6.7394e-05
ENSG00000251273    5   25087450   25190956      1       1  1154267       3.9839    3.389e-05
ENSG00000151388    5   33523535   33892192      5       1  1154267       4.0379   2.6962e-05
ENSG00000248529    5   61658474   61698432      1       1  1154267       3.7416    9.141e-05
ENSG00000184349    5  107376889  107670895      4       1  1154267       3.8415   6.1152e-05
ENSG00000249959    5  107699835  107716841      9       1  1154267       3.8332   6.3234e-05
ENSG00000152495    5  111223653  111494886      3       1  1154267       4.1341   1.7816e-05
ENSG00000172795    5  112976702  113020970     14       1  1154267       3.9645   3.6776e-05
ENSG00000171444    5  113022099  113488830      8       2  1154267       4.4307   4.6957e-06
ENSG00000113396    5  128538013  129033642     10       1  1154267        4.171   1.5166e-05
ENSG00000280780    5  147559994  147662009      1       1  1154267       3.9066     4.68e-05
ENSG00000211445    5  151020438  151028993      1       1  1154267       3.8703    5.434e-05
ENSG00000170624    5  155870344  156767788     36       2  1154267       4.0534   2.5237e-05
ENSG00000254163    5  156704058  156739812      3       1  1154267        3.875   5.3303e-05
ENSG00000253693    5  165349030  165778689      2       1  1154267       4.4928   3.5141e-06
ENSG00000134516    5  169637247  170083382      1       1  1154267       3.7717    8.108e-05
ENSG00000251670    5  174751304  174850725      4       1  1154267       3.7438   9.0634e-05
ENSG00000074276    5  176542511  176595974      1       1  1154267       3.8122    6.886e-05
ENSG00000124783    6    7268306    7347446     10       1  1154267       4.0582   2.4725e-05
ENSG00000238221    6    7276031    7298872      2       1  1154267       4.0359     2.72e-05
ENSG00000111863    6   11712054   11807046     10       2  1154267       4.3705   6.1972e-06
ENSG00000272168    6   21664772   22368328      4       1  1154267       4.4699   3.9121e-06
ENSG00000234745    6   31269491   31357188      1       1  1154267       4.1429    1.715e-05
ENSG00000197283    6   33419661   33457541      1       1  1154267       4.0134    2.992e-05
ENSG00000274259    6   33437363   33454453      1       1  1154267       4.0134    2.992e-05
ENSG00000096433    6   33620365   33696574      2       1  1154267       3.7457   8.9931e-05
ENSG00000112139    6   37630679   37699306      1       1  1154267       4.6869    1.387e-06
ENSG00000188107    6   63719980   65707225    136       3  1154267       4.3631    6.412e-06
ENSG00000112249    6  100508194  100881372     69       3  1154267       4.3864   5.7625e-06
ENSG00000164418    6  101398788  102070083      1       1  1154267       3.7846    7.697e-05
ENSG00000187772    6  104936616  105083332      1       1  1154267        4.943    3.846e-07
ENSG00000118690    6  108848416  108974472      1       1  1154267       4.1127    1.955e-05
ENSG00000112425    6  145382535  145736023      1       1  1154267       4.0619    2.434e-05
ENSG00000055208    6  149218641  149411613      1       1  1154267       3.7905    7.517e-05
ENSG00000120262    6  151494030  151621193     18       1  1154267       3.9332   4.1911e-05
ENSG00000091831    6  151656691  152129619     76       4  1154267       5.1722   1.1567e-07
ENSG00000185345    6  161347420  162727771     33       1  1154267       3.8983   4.8436e-05
ENSG00000112530    6  162727132  163315492      1       1  1154267       3.7208     9.93e-05
ENSG00000002822    7    1815793    2233243    356      10  1154267       6.9453   1.8878e-12
ENSG00000176349    7    1838586    1849931     37       3  1154267       5.9382   1.4409e-09
ENSG00000106268    7    2242222    2251146      1       1  1154267       3.7266    9.705e-05
ENSG00000106266    7    2251770    2354318     13       1  1154267       4.6742   1.4756e-06
ENSG00000146555    7    3301448    4269000     28       5  1154267       5.8819   2.0275e-09
ENSG00000219545    7    7640711    7968020      1       1  1154267       3.9153    4.514e-05
ENSG00000283117    7   10449820   10779944      1       1  1154267        3.743    9.092e-05
ENSG00000229618    7   12726152   13751920      1       1  1154267       3.9446    3.997e-05
ENSG00000223838    7   19353534   19578606      1       1  1154267       4.1282    1.828e-05
ENSG00000170419    7   54542325   54571080      1       1  1154267       3.7482    8.904e-05
ENSG00000158321    7   69598296   70793495      2       1  1154267       3.7286   9.6289e-05
ENSG00000009954    7   73440398   73522278      7       1  1154267       4.3974   5.4771e-06
ENSG00000106635    7   73536356   73558002      1       1  1154267       4.1905    1.392e-05
ENSG00000214253    7  101239458  101252316      1       1  1154267       3.7911    7.498e-05
ENSG00000189056    7  103471784  103989516      5       2  1154267       5.2998   5.7963e-08
ENSG00000226965    7  110432239  110534754     11       1  1154267       4.0459   2.6057e-05
ENSG00000128573    7  114086327  114693772     17       1  1154267       3.9322   4.2089e-05
ENSG00000224595    7  114414244  114419875      2       1  1154267       3.7805   7.8267e-05
ENSG00000128595    7  128739292  128771807     14       1  1154267       4.0759    2.292e-05
ENSG00000128617    7  128772491  128775790      4       1  1154267        4.044   2.6275e-05
ENSG00000158467    7  129225023  129430211      3       1  1154267       4.0941   2.1188e-05
ENSG00000080802    7  135361795  135510127      1       1  1154267       4.0712    2.339e-05
ENSG00000182372    8    1755778    1801711      2       1  1154267       3.8224   6.6071e-05
ENSG00000283239    8    1763888    1958627     23       4  1154267       5.8878    1.957e-09
ENSG00000104728    8    1823976    1958641     17       3  1154267       5.3009   5.7622e-08
ENSG00000185053    8   14089864   15238339      8       2  1154267       4.4362   4.5774e-06
ENSG00000172817    8   64587763   64798761      1       1  1154267       4.4595    4.107e-06
ENSG00000253250    8   90958637   90985257      1       1  1154267       3.7247    9.779e-05
ENSG00000253434    8  111376639  111756826      1       1  1154267       3.8451    6.026e-05
ENSG00000184374    8  118995452  119106582      1       1  1154267       3.7451    9.016e-05
ENSG00000165071    8  132685007  132760712      1       1  1154267       3.8648     5.56e-05
ENSG00000129292    8  132775358  132848807      3       1  1154267       3.9785   3.4679e-05
ENSG00000264668    8  143247110  143276403      1       1  1154267       3.8584    5.706e-05
ENSG00000250571    8  143267433  143276931      1       1  1154267       3.8584    5.706e-05
ENSG00000196092    9   36833275   37034185     24       2  1154267       4.5179   3.1226e-06
ENSG00000154330    9   68328308   68531061      4       1  1154267       3.9298   4.2512e-05
ENSG00000224958    9   68355189   68357852      2       1  1154267        3.681   0.00011614
ENSG00000226337    9   68541036   68644442      2       1  1154267       3.9299   4.2494e-05
ENSG00000106772    9   76611376   76906087      1       1  1154267       4.3721    6.152e-06
ENSG00000225937    9   76691980   76863307      1       1  1154267       4.3721    6.152e-06
ENSG00000188938    9   93446494   93453592      2       1  1154267       4.5959   2.1546e-06
ENSG00000048828    9   93451722   93566107     45       2  1154267       4.0092   3.0459e-05
ENSG00000197724    9   93576407   93679587     91       2  1154267       4.3703   6.2027e-06
ENSG00000078725    9  119153458  119369467      1       1  1154267       3.8085    6.991e-05
ENSG00000196642    9  136807943  136841187      1       1  1154267       3.7792    7.866e-05
ENSG00000054148    9  136848724  136851027      1       1  1154267       3.8496    5.915e-05
ENSG00000127191    9  136881912  136926607      1       1  1154267       3.9283    4.277e-05
ENSG00000186193    9  137062124  137070588      1       1  1154267       4.5219    3.065e-06
ENSG00000197355    9  137077501  137084539      2       1  1154267       4.4124   5.1123e-06
ENSG00000177239    9  137086927  137109187     10       2  1154267       4.8485   6.2187e-07
ENSG00000176978    9  137110542  137115177      1       1  1154267       4.0645    2.407e-05
ENSG00000187609    9  137306896  137423262     28       3  1154267       5.8045   3.2271e-09
ENSG00000148408    9  137877789  138124624      5       1  1154267       4.4339   4.6266e-06
ENSG00000065809   10   14518557   14774897      5       1  1154267       3.9813   3.4274e-05
ENSG00000078403   10   21524675   21743630     11       1  1154267        4.283   9.2183e-06
ENSG00000216937   10   32446140   32882874      1       1  1154267        3.736    9.348e-05
ENSG00000079393   10   75094432   75109221      2       1  1154267       3.8829   5.1605e-05
ENSG00000156671   10   75099586   75182123     20       1  1154267       4.1797   1.4594e-05
ENSG00000226051   10   75269819   75373500     14       1  1154267       3.9722     3.56e-05
ENSG00000270087   10   75279726   75401246     14       1  1154267       3.9722     3.56e-05
ENSG00000156113   10   76869601   77638369      3       1  1154267        3.878   5.2664e-05
ENSG00000166167   10  101354033  101557321      1       1  1154267        3.761    8.462e-05
ENSG00000120049   10  101825974  101843920      1       1  1154267       3.7547    8.679e-05
ENSG00000120029   10  101845599  102056193      5       1  1154267       3.9225   4.3818e-05
ENSG00000107957   10  103594027  103855543      2       1  1154267       5.0538   2.1655e-07
ENSG00000156395   10  104641101  105265235     53       1  1154267       4.1665   1.5468e-05
ENSG00000273143   10  110428840  110496204      1       1  1154267       3.7887    7.572e-05
ENSG00000171798   10  133160447  133226412      6       1  1154267       4.0798   2.2537e-05
ENSG00000021762   11    3087116    3166739      7       1  1154267       4.1111   1.9689e-05
ENSG00000165973   11   20669551   21575681      5       2  1154267       4.9912   3.0005e-07
ENSG00000205213   11   27365961   27472775     14       2  1154267       4.3845   5.8134e-06
ENSG00000248990   11   28679183   28683469      4       1  1154267       3.8795   5.2328e-05
ENSG00000254530   11   29335878   29594295      1       1  1154267       3.7698    8.168e-05
ENSG00000007372   11   31784779   31818062     12       1  1154267       3.9125   4.5666e-05
ENSG00000285283   11   31812391   32104665     17       1  1154267       3.8951   4.9079e-05
ENSG00000110427   11   33376466   33674102      2       1  1154267       4.2892   8.9674e-06
ENSG00000156599   11   57667747   57701187      9       1  1154267       3.8347    6.287e-05
ENSG00000213593   11   57712600   57740973      8       1  1154267       3.6226   0.00014583
ENSG00000254462   11   57712605   57791586      9       1  1154267       3.7659   8.2989e-05
ENSG00000211450   11   57741250   57743554      1       1  1154267        3.764    8.361e-05
ENSG00000254732   11   57742163   57793243      1       1  1154267        3.764    8.361e-05
ENSG00000133315   11   63998558   64166106     32       3  1154267       4.9405    3.896e-07
ENSG00000256824   11   64035970   64103653     19       3  1154267       4.9525   3.6634e-07
ENSG00000126500   11   64103188   64119173     14       2  1154267       4.7538   9.9827e-07
ENSG00000162302   11   64359148   64372215      1       1  1154267       3.8418    6.107e-05
ENSG00000168014   11   74012714   74171210      1       1  1154267       3.9266    4.308e-05
ENSG00000254631   11   74397549   74485742      1       1  1154267       3.7877    7.601e-05
ENSG00000165895   11  100687653  100993941      2       1  1154267       3.7841   7.7134e-05
ENSG00000110660   11  107790991  107928293      1       1  1154267       3.7481     8.91e-05
ENSG00000149294   11  112961247  113278436     42       3  1154267       4.5365   2.8604e-06
ENSG00000149292   11  113314529  113383544      2       1  1154267       3.6914   0.00011151
ENSG00000170209   11  113387791  113400418      6       1  1154267       4.4157   5.0348e-06
ENSG00000256757   11  113405321  113412117      6       1  1154267       3.7613   8.4526e-05
ENSG00000149295   11  113409615  113475691     70       5  1154267       5.7178   5.3956e-09
ENSG00000166682   11  113687546  113706373      5       1  1154267       4.2397    1.119e-05
ENSG00000086827   11  113733187  113773811     13       1  1154267       4.2732   9.6354e-06
ENSG00000048028   11  113797874  113875570     27       1  1154267        4.472    3.875e-06
ENSG00000256452   11  113818077  113822458      4       1  1154267       4.3151   7.9781e-06
ENSG00000149305   11  113904677  113946565      1       1  1154267        4.038    2.695e-05
ENSG00000165495   11  125164687  125433389      2       1  1154267       3.6712   0.00012071
ENSG00000183715   11  132414977  133532519      7       1  1154267       4.3378    7.197e-06
ENSG00000080854   11  133908564  133956985      3       1  1154267       4.5703    2.435e-06
ENSG00000151067   12    1970786    2697950      4       1  1154267       4.1523    1.646e-05
ENSG00000165714   12   12357079   12469694      1       1  1154267       4.3556    6.634e-06
ENSG00000256995   12   22699859   23174125      1       1  1154267       3.9477    3.946e-05
ENSG00000087494   12   27958084   27972705      2       1  1154267       3.8836   5.1471e-05
ENSG00000257042   12   27958517   27969813      2       1  1154267       3.8836   5.1471e-05
ENSG00000094916   12   54230940   54280133      1       1  1154267       4.1213    1.884e-05
ENSG00000135486   12   54280193   54287088      2       1  1154267       3.8878   5.0585e-05
ENSG00000111481   12   54301202   54351849      1       1  1154267       3.7824    7.766e-05
ENSG00000258231   12   58544124   58813060     13       1  1154267       3.9527    3.864e-05
ENSG00000257259   12   58565960   58781747      1       1  1154267       3.9585    3.771e-05
ENSG00000198673   12   61708259   62279150      7       1  1154267       3.9605   3.7392e-05
ENSG00000135655   12   62260338   62417431     29       1  1154267       3.9651   3.6688e-05
ENSG00000061987   12   62466817   62600479     18       1  1154267       3.7983   7.2832e-05
ENSG00000257354   12   62602752   62622213      1       1  1154267       3.8386    6.186e-05
ENSG00000127314   12   68610839   68671901      1       1  1154267       3.9115    4.586e-05
ENSG00000135643   12   70366276   70434292      1       1  1154267       3.8002    7.228e-05
ENSG00000067798   12   77324641   78213008     11       2  1154267       4.5009   3.3827e-06
ENSG00000257156   12   89048187   89309553      1       1  1154267        3.988    3.332e-05
ENSG00000139344   12   95943293   95968716      3       1  1154267        3.898   4.8494e-05
ENSG00000136045   12  107685732  107713167     16       1  1154267       3.8463   5.9948e-05
ENSG00000110851   12  107732866  107761272     32       1  1154267       3.8293   6.4258e-05
ENSG00000258136   12  107736555  107759968     22       1  1154267       3.7458   8.9924e-05
ENSG00000257407   12  115582061  115639734      4       1  1154267       3.7423   9.1173e-05
ENSG00000183955   12  123383773  123409358      1       1  1154267       4.2318    1.159e-05
ENSG00000150977   12  123410683  123436717      2       1  1154267       4.2761   9.5118e-06
ENSG00000182870   12  132196372  132329349      2       1  1154267       3.9842   3.3859e-05
ENSG00000120658   13   43213518   43786908      1       1  1154267        3.804    7.118e-05
ENSG00000278630   13   55062945   55161490      5       1  1154267        4.084   2.2134e-05
ENSG00000139734   13   59665583   60163987     14       1  1154267       4.1132   1.9513e-05
ENSG00000118922   13   73686089   73995056      1       1  1154267       3.8476    5.964e-05
ENSG00000234377   13   77919689   78617328      2       1  1154267       5.1643   1.2066e-07
ENSG00000229249   13   78012883   78053595      1       1  1154267       3.7756    7.982e-05
ENSG00000152193   13   78614291   78659179      1       1  1154267       3.7553    8.655e-05
ENSG00000183098   13   93226842   94407401      1       1  1154267       3.7939    7.415e-05
ENSG00000185352   13   96090839   96839562     29       2  1154267       4.2258   1.1904e-05
ENSG00000169208   14   21568520   21580076      1       1  1154267       3.8632    5.595e-05
ENSG00000129467   14   24318349   24335093      1       1  1154267       4.0203    2.906e-05
ENSG00000258973   14   24332310   24337382      1       1  1154267       4.6238    1.884e-06
ENSG00000129465   14   24336021   24340045      1       1  1154267       4.6238    1.884e-06
ENSG00000139865   14   37595847   38041442      8       1  1154267       3.7824    7.766e-05
ENSG00000259048   14   38034287   38194281      8       1  1154267       3.8519   5.8614e-05
ENSG00000165379   14   41607570   41904549     27       1  1154267       4.0563   2.4933e-05
ENSG00000139915   14   46840092   47674954      1       1  1154267       3.9522    3.872e-05
ENSG00000165588   14   56799905   56810479      4       1  1154267       4.4202   4.9301e-06
ENSG00000248550   14   56813183   57152177      6       1  1154267       4.6806   1.4301e-06
ENSG00000258776   14   56817570   56893710      3       1  1154267       4.5659   2.4863e-06
ENSG00000070182   14   64746283   64879907      1       1  1154267        3.748    8.911e-05
ENSG00000258561   14   66212810   66509394      2       1  1154267       3.8154    6.797e-05
ENSG00000196553   14   66411704   66498677      2       1  1154267       3.8154    6.797e-05
ENSG00000100678   14   70044217   70189070      3       1  1154267       4.6706   1.5014e-06
ENSG00000119681   14   74498170   74612378      1       1  1154267       3.7539    8.705e-05
ENSG00000165953   14   94487274   94517844      1       1  1154267       4.1361    1.766e-05
ENSG00000258979   14   96741191   96790613      9       1  1154267       4.3054   8.3332e-06
ENSG00000066629   14   99737693   99942060      1       1  1154267       3.7257    9.739e-05
ENSG00000197102   14  101964510  102056443      1       1  1154267       3.8567    5.747e-05
ENSG00000169918   15   31475398   31870789     46       4  1154267       5.1794   1.1129e-07
ENSG00000250007   15   34755084   34812923      2       1  1154267       3.9133   4.5524e-05
ENSG00000259639   15   35939167   36252257     22       2  1154267       4.5275   2.9849e-06
ENSG00000260392   15   56542952   56629592      3       1  1154267       3.9358   4.1461e-05
ENSG00000157890   15   65895079   66253747     10       2  1154267       4.7784   8.8327e-07
ENSG00000278570   15   71792638   71818259      1       1  1154267       4.2035    1.314e-05
ENSG00000260469   15   73752317   73770613      1       1  1154267       3.7219    9.885e-05
ENSG00000167139   15   73873608   73889214      6       1  1154267       4.1096   1.9821e-05
ENSG00000129038   15   73925989   73952137      1       1  1154267       3.7352    9.378e-05
ENSG00000169375   15   75369379   75455842      4       1  1154267       3.7543   8.6903e-05
ENSG00000140598   15   82130230   82262763      5       1  1154267       4.0283   2.8097e-05
ENSG00000186628   15   82755362   82806070      1       1  1154267       3.7267      9.7e-05
ENSG00000140564   15   90868592   90883458      1       1  1154267       4.5225    3.056e-06
ENSG00000260661   15   92148752   92331037      1       1  1154267       3.7394    9.224e-05
ENSG00000275443   15   95990582   96300990      1       1  1154267        3.833     6.33e-05
ENSG00000259702   15   96045341   96064357      1       1  1154267        3.833     6.33e-05
ENSG00000131873   15  101175723  101251932     34       1  1154267       3.9241    4.352e-05
ENSG00000078328   16    5239802    7713338     86       2  1154267       4.2773   9.4567e-06
ENSG00000140718   16   53701692   54158512     15       1  1154267        4.466   3.9848e-06
ENSG00000275691   16   56676132   56677763      2       1  1154267       4.2351   1.1423e-05
ENSG00000140836   16   72782885   73891871      7       1  1154267       4.1319   1.7987e-05
ENSG00000186153   16   78099413   79212667      7       1  1154267       3.9999   3.1679e-05
ENSG00000260456   16   87083562   87317420      1       1  1154267       3.7647    8.337e-05
ENSG00000141252   17     508668     721717      3       1  1154267       4.1993   1.3386e-05
ENSG00000167699   17     757097     783390      2       1  1154267       3.7466   8.9615e-05
ENSG00000263620   17    8150816    8162975      1       1  1154267       3.7758    7.976e-05
ENSG00000178999   17    8204733    8210600      1       1  1154267       3.9234    4.365e-05
ENSG00000178971   17    8224821    8248095      3       1  1154267        3.921   4.4089e-05
ENSG00000178921   17    8247618    8270491      3       1  1154267       4.0014   3.1489e-05
ENSG00000198844   17    8310241    8322516      2       1  1154267       3.8736   5.3627e-05
ENSG00000258472   17   28455752   28614197      2       1  1154267       4.0144   2.9793e-05
ENSG00000076382   17   28577565   28599279      1       1  1154267       4.0334    2.749e-05
ENSG00000167524   17   28607964   28614200      1       1  1154267       3.9954    3.229e-05
ENSG00000007202   17   28614440   28645454      1       1  1154267       3.9877    3.336e-05
ENSG00000132581   17   28648356   28662189      1       1  1154267       3.9309    4.231e-05
ENSG00000109111   17   28662091   28702684      1       1  1154267       3.8821    5.178e-05
ENSG00000108684   17   33013087   34174964      1       1  1154267       3.7241    9.799e-05
ENSG00000279668   17   33827728   34079100      1       1  1154267       3.7241    9.799e-05
ENSG00000234859   17   41402416   41425049      1       1  1154267        3.803    7.148e-05
ENSG00000225190   17   45435900   45490749      1       1  1154267       3.8236    6.576e-05
ENSG00000263715   17   45620344   45835826    742       2  1154267        3.935   4.1594e-05
ENSG00000265547   17   45731703   45732977      2       1  1154267       3.9452    3.987e-05
ENSG00000265964   17   45733353   45734669     11       1  1154267       3.9056   4.6995e-05
ENSG00000120088   17   45784280   45835828    121       1  1154267       3.9147   4.5252e-05
ENSG00000264589   17   45799390   45895630    426       2  1154267       3.9781   3.4737e-05
ENSG00000185294   17   45844835   45847072     12       1  1154267       3.9152   4.5159e-05
ENSG00000186868   17   45894382   46028334    573       2  1154267       4.0146   2.9769e-05
ENSG00000262881   17   45907670   45910779     12       1  1154267       4.0569   2.4868e-05
ENSG00000256762   17   45999250   45999694      1       1  1154267       4.0074    3.069e-05
ENSG00000120071   17   46029916   46225389    469       1  1154267       4.0263   2.8334e-05
ENSG00000262372   17   46035313   46035770      1       1  1154267        4.036    2.718e-05
ENSG00000214401   17   46193576   46196723      1       1  1154267       4.0237    2.865e-05
ENSG00000228696   17   46274784   46361797      1       1  1154267        4.127    1.838e-05
ENSG00000176681   17   46292733   46337794      1       1  1154267        4.127    1.838e-05
ENSG00000238083   17   46511511   46555650      1       1  1154267       3.9238    4.359e-05
ENSG00000185829   17   46516702   46579682      1       1  1154267       3.9238    4.359e-05
ENSG00000073969   17   46590669   46757464      1       1  1154267       3.8236    6.577e-05
ENSG00000262633   17   46923133   47049932      8       1  1154267        3.858   5.7167e-05
ENSG00000259207   17   47253846   47311816      6       1  1154267       4.4554   4.1869e-06
ENSG00000259753   17   47253897   47344292     15       2  1154267       4.7605   9.6538e-07
ENSG00000263293   17   47303460   47323613     13       2  1154267       4.7754   8.9678e-07
ENSG00000178852   17   47323290   47441312      1       1  1154267       3.7403    9.189e-05
ENSG00000263766   17   47603860   47649420      7       1  1154267       3.7871   7.6207e-05
ENSG00000108424   17   47649476   47685505      7       1  1154267       3.8165    6.767e-05
ENSG00000120093   17   48548870   48604912      3       1  1154267        4.001   3.1537e-05
ENSG00000233101   17   48549630   48606414      3       1  1154267        4.001   3.1537e-05
ENSG00000249906   17   49505657   49574064      3       1  1154267       4.8459   6.3031e-07
ENSG00000250310   17   49544847   49577962      3       1  1154267       4.8459   6.3031e-07
ENSG00000121067   17   49598884   49678234      1       1  1154267       4.9853    3.094e-07
ENSG00000121104   17   49710332   49789180      1       1  1154267       4.5273    2.987e-06
ENSG00000154240   17   65635538   66192084      1       1  1154267       3.9044    4.722e-05
ENSG00000171634   17   67825524   67984378    146       1  1154267       4.3299   7.4604e-06
ENSG00000182481   17   68035519   68046842     13       1  1154267       4.6409   1.7349e-06
ENSG00000265055   17   68096046   68101474      2       1  1154267       3.8013   7.1958e-05
ENSG00000141431   18   33578233   33751192     35       2  1154267       4.4362   4.5775e-06
ENSG00000101489   18   37243047   37566037     16       2  1154267       5.2119   9.3475e-08
ENSG00000267101   18   45130565   45181347      3       1  1154267       4.8637   5.7603e-07
ENSG00000132874   18   45212995   45683686      1       1  1154267       4.0348    2.732e-05
ENSG00000187323   18   52340172   53535903     12       2  1154267       4.7659      9.4e-07
ENSG00000041353   18   54717860   54895516      3       1  1154267       3.6573   0.00012742
ENSG00000267013   18   55105904   55124306     17       2  1154267       4.5258   3.0083e-06
ENSG00000196628   18   55222331   55664787      1       1  1154267       3.7483    8.901e-05
ENSG00000264278   18   76794732   76822295      9       1  1154267       3.9751   3.5174e-05
ENSG00000130856   18   76822607   76970727      6       1  1154267       3.8666   5.5176e-05
ENSG00000099864   19     708939     748329      2       1  1154267       4.0454   2.6117e-05
ENSG00000161082   19    3224703    3297076      3       1  1154267        3.934   4.1772e-05
ENSG00000198551   19   11559374   11619135      1       1  1154267       3.7298    9.583e-05
ENSG00000099308   19   18097793   18151692      4       1  1154267       4.0484   2.5786e-05
ENSG00000130517   19   18340587   18369950      4       1  1154267       4.8377   6.5679e-07
ENSG00000213996   19   19264364   19273391      3       1  1154267       3.9348   4.1636e-05
ENSG00000105705   19   19276018   19320844      9       1  1154267        3.919   4.4468e-05
ENSG00000129933   19   19320681   19358755      8       1  1154267       3.7645   8.3431e-05
ENSG00000198597   19   30228290   30713538      8       1  1154267       3.9281   4.2805e-05
ENSG00000284729   19   56707293   56791197      7       1  1154267        3.812   6.8927e-05
ENSG00000269699   19   56774552   56840729      1       1  1154267       3.7449    9.022e-05
ENSG00000198300   19   56810083   56840728      1       1  1154267       3.7449    9.022e-05
ENSG00000196090   20   42072752   43189970     30       2  1154267       4.5634   2.5163e-06
ENSG00000124140   20   46021690   46060152      1       1  1154267       3.8655    5.544e-05
ENSG00000124160   20   46060985   46089952      2       1  1154267       3.9609   3.7328e-05
ENSG00000101040   20   47209214   47356889      8       1  1154267       4.3488   6.8442e-06
ENSG00000130584   20   63743666   63831244      3       1  1154267        3.846   6.0025e-05
ENSG00000157540   21   37365573   37526358     48       4  1154267       5.1247   1.4904e-07
