Welcome to MAGMA v1.10 (linux/s)
Using flags:
	--bfile /dcs04/lieber/lcolladotor/with10x_LIBD001/HumanPilot/Analysis/Layer_Guesses/MAGMA/g1000_eur
	--pval ../../processed-data/07_MAGMA/Input_GWAS_data/MDD/MDD.phs001672.pha005122.pval N=1154267
	--gene-annot ../../processed-data/07_MAGMA/Output/MDD/MDD.phs001672.pha005122.genes.annot
	--out ../../processed-data/07_MAGMA/Output/MDD/MDD.phs001672.pha005122

Start time is 23:59:15, Tuesday 30 Jul 2024

Loading PLINK-format data...
Reading file /dcs04/lieber/lcolladotor/with10x_LIBD001/HumanPilot/Analysis/Layer_Guesses/MAGMA/g1000_eur.fam... 503 individuals read
Reading file /dcs04/lieber/lcolladotor/with10x_LIBD001/HumanPilot/Analysis/Layer_Guesses/MAGMA/g1000_eur.bim... 22665064 SNPs read
Preparing file /dcs04/lieber/lcolladotor/with10x_LIBD001/HumanPilot/Analysis/Layer_Guesses/MAGMA/g1000_eur.bed... 

Reading SNP synonyms from file /dcs04/lieber/lcolladotor/with10x_LIBD001/HumanPilot/Analysis/Layer_Guesses/MAGMA/g1000_eur.synonyms (auto-detected)
	read 6016767 mapped synonyms from file, mapping to 3921040 SNPs in the data
	WARNING: detected 133 synonymous SNP pairs in the data
	         skipped all synonym entries involved, synonymous SNPs are kept in analysis
	         writing list of detected synonyms in data to supplementary log file
Reading SNP p-values from file ../../processed-data/07_MAGMA/Input_GWAS_data/MDD/MDD.phs001672.pha005122.pval... 
	detected 2 variables in file
	using variable: SNP (SNP id)
	using variable: P (p-value)
	read 11701 lines from file, containing valid SNP p-values for 10480 SNPs in data (89.56% of lines, 0.04624% of SNPs in data)
Loading gene annotation from file ../../processed-data/07_MAGMA/Output/MDD/MDD.phs001672.pha005122.genes.annot... 
	499 gene definitions read from file
	found 461 genes containing valid SNPs in genotype data


Starting gene analysis... 
	using model: SNPwise-mean
	writing gene analysis results to file ../../processed-data/07_MAGMA/Output/MDD/MDD.phs001672.pha005122.genes.out
	writing intermediate output to file ../../processed-data/07_MAGMA/Output/MDD/MDD.phs001672.pha005122.genes.raw


End time is 00:01:16, Wednesday 31 Jul 2024 (elapsed: 00:02:01)
