Welcome to MAGMA v1.10 (linux/s)
Using flags:
	--gene-results ../../processed-data/07_MAGMA/Output/MDD/MDD.phs001672.pha005122.genes.raw
	--set-annot ../../processed-data/07_MAGMA/Input_Gene_Sets/gene_sets.txt gene-col=Gene set-col=Set
	--out ../../processed-data/07_MAGMA/Output/MDD/MDD_MAGMA

Start time is 00:01:16, Wednesday 31 Jul 2024

Reading file ../../processed-data/07_MAGMA/Output/MDD/MDD.phs001672.pha005122.genes.raw... 
	461 genes read from file
Loading gene-set annotation...
Reading file ../../processed-data/07_MAGMA/Input_Gene_Sets/gene_sets.txt... 
	detected 2 variables in file
	using variable: Gene (gene ID)
	using variable: Set (set ID)
	6 gene-set definitions read from file
	found 6 gene sets containing genes defined in genotype data (containing a total of 43 unique genes)
Preparing variables for analysis...
	truncating Z-scores 3 points below zero or 6 standard deviations above the mean
	truncating covariate values more than 5 standard deviations from the mean
	total variables available for analysis: 6 gene sets

Parsing model specifications...
Inverting gene-gene correlation matrix...
Performing regression analysis...
	testing direction: one-sided, positive (sets), two-sided (covar)
	conditioning on internal variables:
		gene size, log(gene size)
		gene density, log(gene density)
		inverse mac, log(inverse mac)
	analysing individual variables

	analysing single-variable models (number of models: 6)
	writing results to file ../../processed-data/07_MAGMA/Output/MDD/MDD_MAGMA.gsa.out

End time is 00:01:16, Wednesday 31 Jul 2024 (elapsed: 00:00:00)
