Welcome to MAGMA v1.10 (linux/s)
Using flags:
	--bfile /dcs04/lieber/lcolladotor/with10x_LIBD001/HumanPilot/Analysis/Layer_Guesses/MAGMA/g1000_eur
	--pval ../../processed-data/07_MAGMA/Input_GWAS_data/Panic/Panic_PGC_panic2019.pval ncol=N
	--gene-annot ../../processed-data/07_MAGMA/Output/Panic/Panic_PGC_panic2019.genes.annot
	--out ../../processed-data/07_MAGMA/Output/Panic/Panic_PGC_panic2019

Start time is 23:37:51, Tuesday 30 Jul 2024

Loading PLINK-format data...
Reading file /dcs04/lieber/lcolladotor/with10x_LIBD001/HumanPilot/Analysis/Layer_Guesses/MAGMA/g1000_eur.fam... 503 individuals read
Reading file /dcs04/lieber/lcolladotor/with10x_LIBD001/HumanPilot/Analysis/Layer_Guesses/MAGMA/g1000_eur.bim... 22665064 SNPs read
Preparing file /dcs04/lieber/lcolladotor/with10x_LIBD001/HumanPilot/Analysis/Layer_Guesses/MAGMA/g1000_eur.bed... 

Reading SNP synonyms from file /dcs04/lieber/lcolladotor/with10x_LIBD001/HumanPilot/Analysis/Layer_Guesses/MAGMA/g1000_eur.synonyms (auto-detected)
	read 6016767 mapped synonyms from file, mapping to 3921040 SNPs in the data
	WARNING: detected 133 synonymous SNP pairs in the data
	         skipped all synonym entries involved, synonymous SNPs are kept in analysis
	         writing list of detected synonyms in data to supplementary log file
Reading SNP p-values from file ../../processed-data/07_MAGMA/Input_GWAS_data/Panic/Panic_PGC_panic2019.pval... 
	detected 3 variables in file
	using variable: SNP (SNP id)
	using variable: P (p-value)
	using variable: N (sample size; discarding SNPs with N < 50)
	read 10151301 lines from file, containing valid SNP p-values for 8802991 SNPs in data (86.72% of lines, 38.84% of SNPs in data)
	WARNING: file contained 75 SNPs (same IDs or synonyms) with duplications
	         dropped all occurrences of each from analysis
	         writing list of duplicated IDs to supplementary log file
Loading gene annotation from file ../../processed-data/07_MAGMA/Output/Panic/Panic_PGC_panic2019.genes.annot... 
	28571 gene definitions read from file
	found 28384 genes containing valid SNPs in genotype data


Starting gene analysis... 
	using model: SNPwise-mean
	writing gene analysis results to file ../../processed-data/07_MAGMA/Output/Panic/Panic_PGC_panic2019.genes.out
	writing intermediate output to file ../../processed-data/07_MAGMA/Output/Panic/Panic_PGC_panic2019.genes.raw


End time is 23:51:42, Tuesday 30 Jul 2024 (elapsed: 00:13:51)
